{"bucket":"auth","identifier":"authenticate.isAuthorized","level":"error","msg":"Error while parsing token: invalid character '\\x16' in string literal","time":"2019-10-19T14:30:06+08:00"}
{"bucket":"auth","identifier":"authenticate.isAuthorized","level":"error","msg":"Error while parsing token: Token is expired","time":"2019-10-19T18:45:55+08:00"}
{"bucket":"bennjerry","identifier":"bennjerry.CreateData","level":"error","msg":"Error while un-marshalling data: invalid character '\"' after object key:value pair","time":"2019-10-19T18:45:55+08:00"}
{"bucket":"auth","identifier":"authenticate.isAuthorized","level":"error","msg":"Error while parsing token: Token is expired","time":"2019-10-19T18:46:45+08:00"}
{"bucket":"bennjerry","identifier":"bennjerry.CreateData","level":"error","msg":"Error while un-marshalling data: invalid character '\"' after object key:value pair","time":"2019-10-20T12:55:05+08:00"}
{"bucket":"bennjerry","identifier":"bennjerry.CreateData","level":"error","msg":"Error while un-marshalling data: invalid character '\"' after object key:value pair","time":"2019-10-20T12:55:05+08:00"}
{"bucket":"bennjerry","identifier":"bennjerry.CreateData","level":"error","msg":"Error while un-marshalling data: invalid character '\"' after object key:value pair","time":"2019-10-20T12:55:05+08:00"}
{"bucket":"bennjerry","identifier":"bennjerry.CreateData","level":"error","msg":"Error while un-marshalling data: invalid character '\"' after object key:value pair","time":"2019-10-20T12:57:59+08:00"}
{"bucket":"bennjerry","identifier":"bennjerry.CreateData","level":"error","msg":"Error while un-marshalling data: invalid character '\"' after object key:value pair","time":"2019-10-20T13:26:29+08:00"}
{"bucket":"mysql","identifier":"bennjerry.model.InsertIntoSourcingValue","level":"error","msg":"Error while running mysql query: Error 1205: Lock wait timeout exceeded; try restarting transaction","time":"2019-10-20T13:27:20+08:00"}
{"bucket":"bennjerry","identifier":"bennjerry.CreateData","level":"error","msg":"Error while un-marshalling data: invalid character '\"' after object key:value pair","time":"2019-10-20T13:29:07+08:00"}
{"bucket":"bennjerry","identifier":"bennjerry.CreateData","level":"error","msg":"Error while un-marshalling data: invalid character '\"' after object key:value pair","time":"2019-10-20T13:32:14+08:00"}
{"bucket":"bennjerry","identifier":"bennjerry.CreateData","level":"error","msg":"Error while un-marshalling data: invalid character '\"' after object key:value pair","time":"2019-10-20T13:56:50+08:00"}
{"bucket":"bennjerry","identifier":"bennjerry.CreateData","level":"error","msg":"Error while un-marshalling data: invalid character '\"' after object key:value pair","time":"2019-10-20T15:14:29+08:00"}
{"bucket":"bennjerry","identifier":"bennjerry.CreateData","level":"error","msg":"Error while un-marshalling data: invalid character '\"' after object key:value pair","time":"2019-10-20T15:18:04+08:00"}
{"bucket":"mysql","identifier":"bennjerry.model.InsertIntoProduct","level":"error","msg":"Error while running mysql query: Error 1062: Duplicate entry 'test123' for key 'product_id'","time":"2019-10-20T15:18:04+08:00"}
{"bucket":"bennjerry","identifier":"bennjerry.UpdateData","level":"error","msg":"Error while un-marshalling data: json: cannot unmarshal array into Go value of type structs.IceCreamDataStruct","time":"2019-10-20T15:57:11+08:00"}
{"bucket":"bennjerry","identifier":"bennjerry.UpdateData","level":"error","msg":"Error while un-marshalling data: invalid character '\"' after object key:value pair","time":"2019-10-20T15:57:11+08:00"}
{"bucket":"bennjerry","identifier":"bennjerry.UpdateData","level":"error","msg":"Error while un-marshalling data: invalid character '\"' after object key:value pair","time":"2019-10-20T16:01:05+08:00"}
{"bucket":"bennjerry","identifier":"bennjerry.UpdateData","level":"error","msg":"Error while un-marshalling data: invalid character '\"' after object key:value pair","time":"2019-10-20T16:01:21+08:00"}
{"bucket":"bennjerry","identifier":"bennjerry.UpdateData","level":"error","msg":"Error while un-marshalling data: invalid character '\"' after object key:value pair","time":"2019-10-20T16:04:00+08:00"}
